GROUP,PACKAGE,CLASS,INSTRUCTION_MISSED,INSTRUCTION_COVERED,BRANCH_MISSED,BRANCH_COVERED,LINE_MISSED,LINE_COVERED,COMPLEXITY_MISSED,COMPLEXITY_COVERED,METHOD_MISSED,METHOD_COVERED
Minesweeper,com.tsi.training.rahman.mohammed.minesweeper,Main,114,0,8,0,27,0,6,0,2,0
Minesweeper,com.tsi.training.rahman.mohammed.minesweeper,Square,116,0,12,0,33,0,18,0,12,0
Minesweeper,com.tsi.training.rahman.mohammed.minesweeper,Player,3,0,0,0,1,0,1,0,1,0
Minesweeper,com.tsi.training.rahman.mohammed.minesweeper,Grid,309,52,47,5,44,14,30,9,5,8
