GROUP,PACKAGE,CLASS,INSTRUCTION_MISSED,INSTRUCTION_COVERED,BRANCH_MISSED,BRANCH_COVERED,LINE_MISSED,LINE_COVERED,COMPLEXITY_MISSED,COMPLEXITY_COVERED,METHOD_MISSED,METHOD_COVERED
Minesweeper,com.tsi.training.rahman.mohammed.minesweeper,Game,84,9,8,0,19,3,8,1,4,1
Minesweeper,com.tsi.training.rahman.mohammed.minesweeper,Main,60,0,4,0,19,0,4,0,2,0
Minesweeper,com.tsi.training.rahman.mohammed.minesweeper,Square,118,0,12,0,35,0,16,0,10,0
Minesweeper,com.tsi.training.rahman.mohammed.minesweeper,Grid,309,52,47,5,44,14,30,9,5,8
