<?xml version="1.0" encoding="UTF-8" ?>
<testsuite tests="7" failures="0" name="com.tsi.training.rahman.mohammed.minesweeper.GridTest" time="0.016" errors="0" skipped="0">
  <properties>
[...]
</properties>
  <testcase classname="com.tsi.training.rahman.mohammed.minesweeper.GridTest" name="com.tsi.training.rahman.mohammed.minesweeper.GridTest.testSetSize" time="0.016"/>
  <testcase classname="com.tsi.training.rahman.mohammed.minesweeper.GridTest" name="com.tsi.training.rahman.mohammed.minesweeper.GridTest.testGetTotalBombs" time="0"/>
  <testcase classname="com.tsi.training.rahman.mohammed.minesweeper.GridTest" name="com.tsi.training.rahman.mohammed.minesweeper.GridTest.testSetTotalBombs" time="0"/>
  <testcase classname="com.tsi.training.rahman.mohammed.minesweeper.GridTest" name="com.tsi.training.rahman.mohammed.minesweeper.GridTest.testGetSize" time="0"/>
  <testcase classname="com.tsi.training.rahman.mohammed.minesweeper.GridTest" name="com.tsi.training.rahman.mohammed.minesweeper.GridTest.testGetCoordinates" time="0"/>
  <testcase classname="com.tsi.training.rahman.mohammed.minesweeper.GridTest" name="com.tsi.training.rahman.mohammed.minesweeper.GridTest.testGetBombIndices" time="0"/>
  <testcase classname="com.tsi.training.rahman.mohammed.minesweeper.GridTest" name="com.tsi.training.rahman.mohammed.minesweeper.GridTest.testInBounds" time="0"/>
</testsuite>